2023-04-14 12:26:27 [ERROR] - Could not connect to mysql server.
2023-04-14 12:26:27 [EXCEPTION] - FluentNHibernate.Cfg.FluentConfigurationException: An invalid or incomplete configuration was used while creating a SessionFactory. Check PotentialReasons collection, and InnerException for more detail.

 ---> NHibernate.HibernateException: Could not create the driver from NHibernate.Driver.MySqlDataDriver, NHibernate, Version=3.3.1.4000, Culture=neutral, PublicKeyToken=aa95f207798dfdb4. ---> System.Reflection.TargetInvocationException: Uma exceção foi acionada pelo destino de uma chamada. ---> System.ArgumentException: Não foi possível localizar o Provedor de Dados .Net Framework solicitado. Talvez ele não esteja instalado.
   em System.Data.Common.DbProviderFactories.GetFactory(String providerInvariantName)
   em NHibernate.Driver.ReflectionBasedDriver..ctor(String providerInvariantName, String driverAssemblyName, String connectionTypeName, String commandTypeName)
   em NHibernate.Driver.MySqlDataDriver..ctor()
   --- Fim do rastreamento de pilha de exceções internas ---
   em System.RuntimeTypeHandle.CreateInstance(RuntimeType type, Boolean publicOnly, Boolean noCheck, Boolean& canBeCached, RuntimeMethodHandleInternal& ctor, Boolean& bNeedSecurityCheck)
   em System.RuntimeType.CreateInstanceSlow(Boolean publicOnly, Boolean skipCheckThis, Boolean fillCache, StackCrawlMark& stackMark)
   em System.Activator.CreateInstance(Type type, Boolean nonPublic)
   em System.Activator.CreateInstance(Type type)
   em NHibernate.Connection.ConnectionProvider.ConfigureDriver(IDictionary`2 settings)
   --- Fim do rastreamento de pilha de exceções internas ---
   em NHibernate.Connection.ConnectionProvider.ConfigureDriver(IDictionary`2 settings)
   em NHibernate.Connection.ConnectionProviderFactory.NewConnectionProvider(IDictionary`2 settings)
   em NHibernate.Cfg.SettingsFactory.BuildSettings(IDictionary`2 properties)
   em NHibernate.Cfg.Configuration.BuildSettings()
   em NHibernate.Cfg.Configuration.BuildSessionFactory()
   em FluentNHibernate.Cfg.FluentConfiguration.BuildSessionFactory()
   --- Fim do rastreamento de pilha de exceções internas ---
   em FluentNHibernate.Cfg.FluentConfiguration.BuildSessionFactory()
   em DB.SessionFactory.CreateLoginFactory() na C:\Users\PrimeiroLogin\Dropbox\zfserver\zfserver v2.5517\DB\Session Factory.cs:linha 126
   em DB.SessionFactory..ctor(String szHost, Boolean bIsLogin) na C:\Users\PrimeiroLogin\Dropbox\zfserver\zfserver v2.5517\DB\Session Factory.cs:linha 56
   em LoginServer.Program.ServerStartup() na C:\Users\PrimeiroLogin\Dropbox\zfserver\zfserver v2.5517\LoginServer\Program.cs:linha 87


2023-04-14 12:37:08 [ERROR] - Could not connect to mysql server.
2023-04-14 12:37:08 [EXCEPTION] - FluentNHibernate.Cfg.FluentConfigurationException: An invalid or incomplete configuration was used while creating a SessionFactory. Check PotentialReasons collection, and InnerException for more detail.

 ---> NHibernate.HibernateException: Could not create the driver from NHibernate.Driver.MySqlDataDriver, NHibernate, Version=3.3.1.4000, Culture=neutral, PublicKeyToken=aa95f207798dfdb4. ---> System.Reflection.TargetInvocationException: Uma exceção foi acionada pelo destino de uma chamada. ---> System.ArgumentException: Não foi possível localizar o Provedor de Dados .Net Framework solicitado. Talvez ele não esteja instalado.
   em System.Data.Common.DbProviderFactories.GetFactory(String providerInvariantName)
   em NHibernate.Driver.ReflectionBasedDriver..ctor(String providerInvariantName, String driverAssemblyName, String connectionTypeName, String commandTypeName)
   em NHibernate.Driver.MySqlDataDriver..ctor()
   --- Fim do rastreamento de pilha de exceções internas ---
   em System.RuntimeTypeHandle.CreateInstance(RuntimeType type, Boolean publicOnly, Boolean noCheck, Boolean& canBeCached, RuntimeMethodHandleInternal& ctor, Boolean& bNeedSecurityCheck)
   em System.RuntimeType.CreateInstanceSlow(Boolean publicOnly, Boolean skipCheckThis, Boolean fillCache, StackCrawlMark& stackMark)
   em System.Activator.CreateInstance(Type type, Boolean nonPublic)
   em System.Activator.CreateInstance(Type type)
   em NHibernate.Connection.ConnectionProvider.ConfigureDriver(IDictionary`2 settings)
   --- Fim do rastreamento de pilha de exceções internas ---
   em NHibernate.Connection.ConnectionProvider.ConfigureDriver(IDictionary`2 settings)
   em NHibernate.Connection.ConnectionProviderFactory.NewConnectionProvider(IDictionary`2 settings)
   em NHibernate.Cfg.SettingsFactory.BuildSettings(IDictionary`2 properties)
   em NHibernate.Cfg.Configuration.BuildSettings()
   em NHibernate.Cfg.Configuration.BuildSessionFactory()
   em FluentNHibernate.Cfg.FluentConfiguration.BuildSessionFactory()
   --- Fim do rastreamento de pilha de exceções internas ---
   em FluentNHibernate.Cfg.FluentConfiguration.BuildSessionFactory()
   em DB.SessionFactory.CreateLoginFactory() na C:\Users\PrimeiroLogin\Dropbox\zfserver\zfserver v2.5517\DB\Session Factory.cs:linha 126
   em DB.SessionFactory..ctor(String szHost, Boolean bIsLogin) na C:\Users\PrimeiroLogin\Dropbox\zfserver\zfserver v2.5517\DB\Session Factory.cs:linha 56
   em LoginServer.Program.ServerStartup() na C:\Users\PrimeiroLogin\Dropbox\zfserver\zfserver v2.5517\LoginServer\Program.cs:linha 87


2023-04-14 12:37:24 [ERROR] - Could not connect to mysql server.
2023-04-14 12:37:24 [EXCEPTION] - FluentNHibernate.Cfg.FluentConfigurationException: An invalid or incomplete configuration was used while creating a SessionFactory. Check PotentialReasons collection, and InnerException for more detail.

 ---> NHibernate.HibernateException: Could not create the driver from NHibernate.Driver.MySqlDataDriver, NHibernate, Version=3.3.1.4000, Culture=neutral, PublicKeyToken=aa95f207798dfdb4. ---> System.Reflection.TargetInvocationException: Uma exceção foi acionada pelo destino de uma chamada. ---> System.ArgumentException: Não foi possível localizar o Provedor de Dados .Net Framework solicitado. Talvez ele não esteja instalado.
   em System.Data.Common.DbProviderFactories.GetFactory(String providerInvariantName)
   em NHibernate.Driver.ReflectionBasedDriver..ctor(String providerInvariantName, String driverAssemblyName, String connectionTypeName, String commandTypeName)
   em NHibernate.Driver.MySqlDataDriver..ctor()
   --- Fim do rastreamento de pilha de exceções internas ---
   em System.RuntimeTypeHandle.CreateInstance(RuntimeType type, Boolean publicOnly, Boolean noCheck, Boolean& canBeCached, RuntimeMethodHandleInternal& ctor, Boolean& bNeedSecurityCheck)
   em System.RuntimeType.CreateInstanceSlow(Boolean publicOnly, Boolean skipCheckThis, Boolean fillCache, StackCrawlMark& stackMark)
   em System.Activator.CreateInstance(Type type, Boolean nonPublic)
   em System.Activator.CreateInstance(Type type)
   em NHibernate.Connection.ConnectionProvider.ConfigureDriver(IDictionary`2 settings)
   --- Fim do rastreamento de pilha de exceções internas ---
   em NHibernate.Connection.ConnectionProvider.ConfigureDriver(IDictionary`2 settings)
   em NHibernate.Connection.ConnectionProviderFactory.NewConnectionProvider(IDictionary`2 settings)
   em NHibernate.Cfg.SettingsFactory.BuildSettings(IDictionary`2 properties)
   em NHibernate.Cfg.Configuration.BuildSettings()
   em NHibernate.Cfg.Configuration.BuildSessionFactory()
   em FluentNHibernate.Cfg.FluentConfiguration.BuildSessionFactory()
   --- Fim do rastreamento de pilha de exceções internas ---
   em FluentNHibernate.Cfg.FluentConfiguration.BuildSessionFactory()
   em DB.SessionFactory.CreateLoginFactory() na C:\Users\PrimeiroLogin\Dropbox\zfserver\zfserver v2.5517\DB\Session Factory.cs:linha 126
   em DB.SessionFactory..ctor(String szHost, Boolean bIsLogin) na C:\Users\PrimeiroLogin\Dropbox\zfserver\zfserver v2.5517\DB\Session Factory.cs:linha 56
   em LoginServer.Program.ServerStartup() na C:\Users\PrimeiroLogin\Dropbox\zfserver\zfserver v2.5517\LoginServer\Program.cs:linha 87


2023-04-14 12:38:21 [ERROR] - Could not connect to mysql server.
2023-04-14 12:38:21 [EXCEPTION] - FluentNHibernate.Cfg.FluentConfigurationException: An invalid or incomplete configuration was used while creating a SessionFactory. Check PotentialReasons collection, and InnerException for more detail.

 ---> NHibernate.HibernateException: Could not create the driver from NHibernate.Driver.MySqlDataDriver, NHibernate, Version=3.3.1.4000, Culture=neutral, PublicKeyToken=aa95f207798dfdb4. ---> System.Reflection.TargetInvocationException: Uma exceção foi acionada pelo destino de uma chamada. ---> System.ArgumentException: Não foi possível localizar o Provedor de Dados .Net Framework solicitado. Talvez ele não esteja instalado.
   em System.Data.Common.DbProviderFactories.GetFactory(String providerInvariantName)
   em NHibernate.Driver.ReflectionBasedDriver..ctor(String providerInvariantName, String driverAssemblyName, String connectionTypeName, String commandTypeName)
   em NHibernate.Driver.MySqlDataDriver..ctor()
   --- Fim do rastreamento de pilha de exceções internas ---
   em System.RuntimeTypeHandle.CreateInstance(RuntimeType type, Boolean publicOnly, Boolean noCheck, Boolean& canBeCached, RuntimeMethodHandleInternal& ctor, Boolean& bNeedSecurityCheck)
   em System.RuntimeType.CreateInstanceSlow(Boolean publicOnly, Boolean skipCheckThis, Boolean fillCache, StackCrawlMark& stackMark)
   em System.Activator.CreateInstance(Type type, Boolean nonPublic)
   em System.Activator.CreateInstance(Type type)
   em NHibernate.Connection.ConnectionProvider.ConfigureDriver(IDictionary`2 settings)
   --- Fim do rastreamento de pilha de exceções internas ---
   em NHibernate.Connection.ConnectionProvider.ConfigureDriver(IDictionary`2 settings)
   em NHibernate.Connection.ConnectionProviderFactory.NewConnectionProvider(IDictionary`2 settings)
   em NHibernate.Cfg.SettingsFactory.BuildSettings(IDictionary`2 properties)
   em NHibernate.Cfg.Configuration.BuildSettings()
   em NHibernate.Cfg.Configuration.BuildSessionFactory()
   em FluentNHibernate.Cfg.FluentConfiguration.BuildSessionFactory()
   --- Fim do rastreamento de pilha de exceções internas ---
   em FluentNHibernate.Cfg.FluentConfiguration.BuildSessionFactory()
   em DB.SessionFactory.CreateLoginFactory() na C:\Users\PrimeiroLogin\Dropbox\zfserver\zfserver v2.5517\DB\Session Factory.cs:linha 126
   em DB.SessionFactory..ctor(String szHost, Boolean bIsLogin) na C:\Users\PrimeiroLogin\Dropbox\zfserver\zfserver v2.5517\DB\Session Factory.cs:linha 56
   em LoginServer.Program.ServerStartup() na C:\Users\PrimeiroLogin\Dropbox\zfserver\zfserver v2.5517\LoginServer\Program.cs:linha 87


2023-04-14 12:41:16 [ERROR] - Could not connect to mysql server.
2023-04-14 12:41:16 [EXCEPTION] - FluentNHibernate.Cfg.FluentConfigurationException: An invalid or incomplete configuration was used while creating a SessionFactory. Check PotentialReasons collection, and InnerException for more detail.

 ---> NHibernate.HibernateException: Could not create the driver from NHibernate.Driver.MySqlDataDriver, NHibernate, Version=3.3.1.4000, Culture=neutral, PublicKeyToken=aa95f207798dfdb4. ---> System.Reflection.TargetInvocationException: Uma exceção foi acionada pelo destino de uma chamada. ---> System.ArgumentException: Não foi possível localizar o Provedor de Dados .Net Framework solicitado. Talvez ele não esteja instalado.
   em System.Data.Common.DbProviderFactories.GetFactory(String providerInvariantName)
   em NHibernate.Driver.ReflectionBasedDriver..ctor(String providerInvariantName, String driverAssemblyName, String connectionTypeName, String commandTypeName)
   em NHibernate.Driver.MySqlDataDriver..ctor()
   --- Fim do rastreamento de pilha de exceções internas ---
   em System.RuntimeTypeHandle.CreateInstance(RuntimeType type, Boolean publicOnly, Boolean noCheck, Boolean& canBeCached, RuntimeMethodHandleInternal& ctor, Boolean& bNeedSecurityCheck)
   em System.RuntimeType.CreateInstanceSlow(Boolean publicOnly, Boolean skipCheckThis, Boolean fillCache, StackCrawlMark& stackMark)
   em System.Activator.CreateInstance(Type type, Boolean nonPublic)
   em System.Activator.CreateInstance(Type type)
   em NHibernate.Connection.ConnectionProvider.ConfigureDriver(IDictionary`2 settings)
   --- Fim do rastreamento de pilha de exceções internas ---
   em NHibernate.Connection.ConnectionProvider.ConfigureDriver(IDictionary`2 settings)
   em NHibernate.Connection.ConnectionProviderFactory.NewConnectionProvider(IDictionary`2 settings)
   em NHibernate.Cfg.SettingsFactory.BuildSettings(IDictionary`2 properties)
   em NHibernate.Cfg.Configuration.BuildSettings()
   em NHibernate.Cfg.Configuration.BuildSessionFactory()
   em FluentNHibernate.Cfg.FluentConfiguration.BuildSessionFactory()
   --- Fim do rastreamento de pilha de exceções internas ---
   em FluentNHibernate.Cfg.FluentConfiguration.BuildSessionFactory()
   em DB.SessionFactory.CreateLoginFactory() na C:\Users\PrimeiroLogin\Dropbox\zfserver\zfserver v2.5517\DB\Session Factory.cs:linha 126
   em DB.SessionFactory..ctor(String szHost, Boolean bIsLogin) na C:\Users\PrimeiroLogin\Dropbox\zfserver\zfserver v2.5517\DB\Session Factory.cs:linha 56
   em LoginServer.Program.ServerStartup() na C:\Users\PrimeiroLogin\Dropbox\zfserver\zfserver v2.5517\LoginServer\Program.cs:linha 87


2023-04-14 12:53:35 [ERROR] - Could not connect to mysql server.
2023-04-14 12:53:35 [EXCEPTION] - FluentNHibernate.Cfg.FluentConfigurationException: An invalid or incomplete configuration was used while creating a SessionFactory. Check PotentialReasons collection, and InnerException for more detail.

 ---> NHibernate.HibernateException: Could not create the driver from NHibernate.Driver.MySqlDataDriver, NHibernate, Version=3.3.1.4000, Culture=neutral, PublicKeyToken=aa95f207798dfdb4. ---> System.Reflection.TargetInvocationException: Uma exceção foi acionada pelo destino de uma chamada. ---> System.ArgumentException: Não foi possível localizar o Provedor de Dados .Net Framework solicitado. Talvez ele não esteja instalado.
   em System.Data.Common.DbProviderFactories.GetFactory(String providerInvariantName)
   em NHibernate.Driver.ReflectionBasedDriver..ctor(String providerInvariantName, String driverAssemblyName, String connectionTypeName, String commandTypeName)
   em NHibernate.Driver.MySqlDataDriver..ctor()
   --- Fim do rastreamento de pilha de exceções internas ---
   em System.RuntimeTypeHandle.CreateInstance(RuntimeType type, Boolean publicOnly, Boolean noCheck, Boolean& canBeCached, RuntimeMethodHandleInternal& ctor, Boolean& bNeedSecurityCheck)
   em System.RuntimeType.CreateInstanceSlow(Boolean publicOnly, Boolean skipCheckThis, Boolean fillCache, StackCrawlMark& stackMark)
   em System.Activator.CreateInstance(Type type, Boolean nonPublic)
   em System.Activator.CreateInstance(Type type)
   em NHibernate.Connection.ConnectionProvider.ConfigureDriver(IDictionary`2 settings)
   --- Fim do rastreamento de pilha de exceções internas ---
   em NHibernate.Connection.ConnectionProvider.ConfigureDriver(IDictionary`2 settings)
   em NHibernate.Connection.ConnectionProviderFactory.NewConnectionProvider(IDictionary`2 settings)
   em NHibernate.Cfg.SettingsFactory.BuildSettings(IDictionary`2 properties)
   em NHibernate.Cfg.Configuration.BuildSettings()
   em NHibernate.Cfg.Configuration.BuildSessionFactory()
   em FluentNHibernate.Cfg.FluentConfiguration.BuildSessionFactory()
   --- Fim do rastreamento de pilha de exceções internas ---
   em FluentNHibernate.Cfg.FluentConfiguration.BuildSessionFactory()
   em DB.SessionFactory.CreateLoginFactory() na C:\CONQUER\Random Server\DB\Session Factory.cs:linha 126
   em DB.SessionFactory..ctor(String szHost, Boolean bIsLogin) na C:\CONQUER\Random Server\DB\Session Factory.cs:linha 56
   em LoginServer.Program.ServerStartup() na C:\CONQUER\Random Server\LoginServer\Program.cs:linha 87


