2023-04-16 17:23:43 [DEBUG] - C:\CONQUER\Random Server\LoginServer\bin\Debug
2023-04-16 17:23:43 [DEBUG] - Computer Name: DESKTOP-SCJGTE3
2023-04-16 17:23:43 [DEBUG] - User Name: Brendon
2023-04-16 17:23:43 [DEBUG] - System Directory: C:\Windows\system32
2023-04-16 17:23:43 [DEBUG] - Some environment variables:
2023-04-16 17:23:43 [DEBUG] - OS=Microsoft Windows NT 6.2.9200.0
2023-04-16 17:23:43 [DEBUG] - NUMBER_OF_PROCESSORS: 12
2023-04-16 17:23:43 [DEBUG] - PROCESSOR_ARCHITETURE: x64
2023-04-16 17:23:43 [MESSAGE] - Initializing login server...
2023-04-16 17:23:43 [DEBUG] - Starting threads...
2023-04-16 17:23:43 [MESSAGE] - Checking database...
2023-04-16 17:25:03 [DEBUG] - C:\CONQUER\Random Server\LoginServer\bin\Debug
2023-04-16 17:25:03 [DEBUG] - Computer Name: DESKTOP-SCJGTE3
2023-04-16 17:25:03 [DEBUG] - User Name: Brendon
2023-04-16 17:25:03 [DEBUG] - System Directory: C:\Windows\system32
2023-04-16 17:25:03 [DEBUG] - Some environment variables:
2023-04-16 17:25:03 [DEBUG] - OS=Microsoft Windows NT 6.2.9200.0
2023-04-16 17:25:03 [DEBUG] - NUMBER_OF_PROCESSORS: 12
2023-04-16 17:25:03 [DEBUG] - PROCESSOR_ARCHITETURE: x64
2023-04-16 17:25:03 [MESSAGE] - Initializing login server...
2023-04-16 17:25:03 [DEBUG] - Starting threads...
2023-04-16 17:25:03 [MESSAGE] - Checking database...
2023-04-16 17:29:55 [DEBUG] - C:\CONQUER\Random Server\LoginServer\bin\Debug
2023-04-16 17:29:55 [DEBUG] - Computer Name: DESKTOP-SCJGTE3
2023-04-16 17:29:55 [DEBUG] - User Name: Brendon
2023-04-16 17:29:55 [DEBUG] - System Directory: C:\Windows\system32
2023-04-16 17:29:55 [DEBUG] - Some environment variables:
2023-04-16 17:29:55 [DEBUG] - OS=Microsoft Windows NT 6.2.9200.0
2023-04-16 17:29:55 [DEBUG] - NUMBER_OF_PROCESSORS: 12
2023-04-16 17:29:55 [DEBUG] - PROCESSOR_ARCHITETURE: x64
2023-04-16 17:29:55 [MESSAGE] - Initializing login server...
2023-04-16 17:29:55 [DEBUG] - Starting threads...
2023-04-16 17:29:55 [MESSAGE] - Checking database...
2023-04-16 17:36:49 [DEBUG] - C:\CONQUER\Random Server\LoginServer\bin\Debug
2023-04-16 17:36:49 [DEBUG] - Computer Name: DESKTOP-SCJGTE3
2023-04-16 17:36:49 [DEBUG] - User Name: Brendon
2023-04-16 17:36:49 [DEBUG] - System Directory: C:\Windows\system32
2023-04-16 17:36:49 [DEBUG] - Some environment variables:
2023-04-16 17:36:49 [DEBUG] - OS=Microsoft Windows NT 6.2.9200.0
2023-04-16 17:36:49 [DEBUG] - NUMBER_OF_PROCESSORS: 12
2023-04-16 17:36:49 [DEBUG] - PROCESSOR_ARCHITETURE: x64
2023-04-16 17:36:49 [MESSAGE] - Initializing login server...
2023-04-16 17:36:49 [DEBUG] - Starting threads...
2023-04-16 17:36:49 [MESSAGE] - Checking database...
2023-04-16 17:37:07 [DEBUG] - C:\CONQUER\Random Server\LoginServer\bin\Debug
2023-04-16 17:37:07 [DEBUG] - Computer Name: DESKTOP-SCJGTE3
2023-04-16 17:37:07 [DEBUG] - User Name: Brendon
2023-04-16 17:37:07 [DEBUG] - System Directory: C:\Windows\system32
2023-04-16 17:37:07 [DEBUG] - Some environment variables:
2023-04-16 17:37:07 [DEBUG] - OS=Microsoft Windows NT 6.2.9200.0
2023-04-16 17:37:07 [DEBUG] - NUMBER_OF_PROCESSORS: 12
2023-04-16 17:37:07 [DEBUG] - PROCESSOR_ARCHITETURE: x64
2023-04-16 17:37:07 [MESSAGE] - Initializing login server...
2023-04-16 17:37:07 [DEBUG] - Starting threads...
2023-04-16 17:37:07 [MESSAGE] - Checking database...
2023-04-16 17:37:36 [DEBUG] - C:\CONQUER\Random Server\LoginServer\bin\Debug
2023-04-16 17:37:36 [DEBUG] - Computer Name: DESKTOP-SCJGTE3
2023-04-16 17:37:36 [DEBUG] - User Name: Brendon
2023-04-16 17:37:36 [DEBUG] - System Directory: C:\Windows\system32
2023-04-16 17:37:36 [DEBUG] - Some environment variables:
2023-04-16 17:37:36 [DEBUG] - OS=Microsoft Windows NT 6.2.9200.0
2023-04-16 17:37:36 [DEBUG] - NUMBER_OF_PROCESSORS: 12
2023-04-16 17:37:36 [DEBUG] - PROCESSOR_ARCHITETURE: x64
2023-04-16 17:37:36 [MESSAGE] - Initializing login server...
2023-04-16 17:37:36 [DEBUG] - Starting threads...
2023-04-16 17:37:36 [MESSAGE] - Checking database...
2023-04-16 17:39:02 [DEBUG] - C:\CONQUER\Random Server\LoginServer\bin\Debug
2023-04-16 17:39:02 [DEBUG] - Computer Name: DESKTOP-SCJGTE3
2023-04-16 17:39:02 [DEBUG] - User Name: Brendon
2023-04-16 17:39:02 [DEBUG] - System Directory: C:\Windows\system32
2023-04-16 17:39:02 [DEBUG] - Some environment variables:
2023-04-16 17:39:02 [DEBUG] - OS=Microsoft Windows NT 6.2.9200.0
2023-04-16 17:39:02 [DEBUG] - NUMBER_OF_PROCESSORS: 12
2023-04-16 17:39:02 [DEBUG] - PROCESSOR_ARCHITETURE: x64
2023-04-16 17:39:02 [MESSAGE] - Initializing login server...
2023-04-16 17:39:02 [DEBUG] - Starting threads...
2023-04-16 17:39:02 [MESSAGE] - Checking database...
2023-04-16 17:41:53 [DEBUG] - C:\CONQUER\Random Server\LoginServer\bin\Debug
2023-04-16 17:41:53 [DEBUG] - Computer Name: DESKTOP-SCJGTE3
2023-04-16 17:41:53 [DEBUG] - User Name: Brendon
2023-04-16 17:41:53 [DEBUG] - System Directory: C:\Windows\system32
2023-04-16 17:41:53 [DEBUG] - Some environment variables:
2023-04-16 17:41:53 [DEBUG] - OS=Microsoft Windows NT 6.2.9200.0
2023-04-16 17:41:53 [DEBUG] - NUMBER_OF_PROCESSORS: 12
2023-04-16 17:41:53 [DEBUG] - PROCESSOR_ARCHITETURE: x64
2023-04-16 17:41:53 [MESSAGE] - Initializing login server...
2023-04-16 17:41:53 [DEBUG] - Starting threads...
2023-04-16 17:41:53 [MESSAGE] - Checking database...
2023-04-16 17:46:46 [DEBUG] - C:\CONQUER\Random Server\LoginServer\bin\Debug
2023-04-16 17:46:46 [DEBUG] - Computer Name: DESKTOP-SCJGTE3
2023-04-16 17:46:46 [DEBUG] - User Name: Brendon
2023-04-16 17:46:46 [DEBUG] - System Directory: C:\Windows\system32
2023-04-16 17:46:46 [DEBUG] - Some environment variables:
2023-04-16 17:46:46 [DEBUG] - OS=Microsoft Windows NT 6.2.9200.0
2023-04-16 17:46:46 [DEBUG] - NUMBER_OF_PROCESSORS: 12
2023-04-16 17:46:46 [DEBUG] - PROCESSOR_ARCHITETURE: x64
2023-04-16 17:46:46 [MESSAGE] - Initializing login server...
2023-04-16 17:46:46 [DEBUG] - Starting threads...
2023-04-16 17:46:46 [MESSAGE] - Checking database...
2023-04-16 17:58:56 [DEBUG] - C:\CONQUER\Random Server\LoginServer\bin\Debug
2023-04-16 17:58:56 [DEBUG] - Computer Name: DESKTOP-SCJGTE3
2023-04-16 17:58:56 [DEBUG] - User Name: Brendon
2023-04-16 17:58:56 [DEBUG] - System Directory: C:\Windows\system32
2023-04-16 17:58:56 [DEBUG] - Some environment variables:
2023-04-16 17:58:56 [DEBUG] - OS=Microsoft Windows NT 6.2.9200.0
2023-04-16 17:58:56 [DEBUG] - NUMBER_OF_PROCESSORS: 12
2023-04-16 17:58:56 [DEBUG] - PROCESSOR_ARCHITETURE: x64
2023-04-16 17:58:56 [MESSAGE] - Initializing login server...
2023-04-16 17:58:56 [DEBUG] - Starting threads...
2023-04-16 17:58:56 [MESSAGE] - Checking database...
2023-04-16 18:05:25 [DEBUG] - C:\CONQUER\Random Server\LoginServer\bin\Debug
2023-04-16 18:05:25 [DEBUG] - Computer Name: DESKTOP-SCJGTE3
2023-04-16 18:05:25 [DEBUG] - User Name: Brendon
2023-04-16 18:05:25 [DEBUG] - System Directory: C:\Windows\system32
2023-04-16 18:05:25 [DEBUG] - Some environment variables:
2023-04-16 18:05:25 [DEBUG] - OS=Microsoft Windows NT 6.2.9200.0
2023-04-16 18:05:25 [DEBUG] - NUMBER_OF_PROCESSORS: 12
2023-04-16 18:05:25 [DEBUG] - PROCESSOR_ARCHITETURE: x64
2023-04-16 18:05:25 [MESSAGE] - Initializing login server...
2023-04-16 18:05:25 [DEBUG] - Starting threads...
2023-04-16 18:05:25 [MESSAGE] - Checking database...
2023-04-16 18:23:24 [DEBUG] - C:\CONQUER\Random Server\LoginServer\bin\Debug
2023-04-16 18:23:24 [DEBUG] - Computer Name: DESKTOP-SCJGTE3
2023-04-16 18:23:24 [DEBUG] - User Name: Brendon
2023-04-16 18:23:24 [DEBUG] - System Directory: C:\Windows\system32
2023-04-16 18:23:24 [DEBUG] - Some environment variables:
2023-04-16 18:23:24 [DEBUG] - OS=Microsoft Windows NT 6.2.9200.0
2023-04-16 18:23:24 [DEBUG] - NUMBER_OF_PROCESSORS: 12
2023-04-16 18:23:24 [DEBUG] - PROCESSOR_ARCHITETURE: x64
2023-04-16 18:23:24 [MESSAGE] - Initializing login server...
2023-04-16 18:23:24 [DEBUG] - Starting threads...
2023-04-16 18:23:24 [MESSAGE] - Checking database...
2023-04-16 18:23:25 [MESSAGE] - Connected to MySQL Server...
2023-04-16 18:23:25 [MESSAGE] - Reading configuration file...
2023-04-16 18:23:25 [MESSAGE] - Starting Server...
2023-04-16 18:23:25 [MESSAGE] - Waiting for game server connections...
2023-04-16 18:23:25 [MESSAGE] - Server is ready for connections...
