2023-04-14 12:26:26 [DEBUG] - C:\CONQUER\Random Server\LoginServer\bin\Debug
2023-04-14 12:26:26 [DEBUG] - Computer Name: DESKTOP-SCJGTE3
2023-04-14 12:26:26 [DEBUG] - User Name: Brendon
2023-04-14 12:26:26 [DEBUG] - System Directory: C:\Windows\system32
2023-04-14 12:26:26 [DEBUG] - Some environment variables:
2023-04-14 12:26:26 [DEBUG] - OS=Microsoft Windows NT 6.2.9200.0
2023-04-14 12:26:26 [DEBUG] - NUMBER_OF_PROCESSORS: 12
2023-04-14 12:26:26 [DEBUG] - PROCESSOR_ARCHITETURE: x64
2023-04-14 12:26:26 [MESSAGE] - Initializing login server...
2023-04-14 12:26:26 [DEBUG] - Starting threads...
2023-04-14 12:26:27 [MESSAGE] - Checking database...
2023-04-14 12:37:08 [DEBUG] - C:\CONQUER\Random Server\LoginServer\bin\Debug
2023-04-14 12:37:08 [DEBUG] - Computer Name: DESKTOP-SCJGTE3
2023-04-14 12:37:08 [DEBUG] - User Name: Brendon
2023-04-14 12:37:08 [DEBUG] - System Directory: C:\Windows\system32
2023-04-14 12:37:08 [DEBUG] - Some environment variables:
2023-04-14 12:37:08 [DEBUG] - OS=Microsoft Windows NT 6.2.9200.0
2023-04-14 12:37:08 [DEBUG] - NUMBER_OF_PROCESSORS: 12
2023-04-14 12:37:08 [DEBUG] - PROCESSOR_ARCHITETURE: x64
2023-04-14 12:37:08 [MESSAGE] - Initializing login server...
2023-04-14 12:37:08 [DEBUG] - Starting threads...
2023-04-14 12:37:08 [MESSAGE] - Checking database...
2023-04-14 12:37:24 [DEBUG] - C:\CONQUER\Random Server\LoginServer\bin\Debug
2023-04-14 12:37:24 [DEBUG] - Computer Name: DESKTOP-SCJGTE3
2023-04-14 12:37:24 [DEBUG] - User Name: Brendon
2023-04-14 12:37:24 [DEBUG] - System Directory: C:\Windows\system32
2023-04-14 12:37:24 [DEBUG] - Some environment variables:
2023-04-14 12:37:24 [DEBUG] - OS=Microsoft Windows NT 6.2.9200.0
2023-04-14 12:37:24 [DEBUG] - NUMBER_OF_PROCESSORS: 12
2023-04-14 12:37:24 [DEBUG] - PROCESSOR_ARCHITETURE: x64
2023-04-14 12:37:24 [MESSAGE] - Initializing login server...
2023-04-14 12:37:24 [DEBUG] - Starting threads...
2023-04-14 12:37:24 [MESSAGE] - Checking database...
2023-04-14 12:38:20 [DEBUG] - C:\CONQUER\Random Server\LoginServer\bin\Debug
2023-04-14 12:38:20 [DEBUG] - Computer Name: DESKTOP-SCJGTE3
2023-04-14 12:38:20 [DEBUG] - User Name: Brendon
2023-04-14 12:38:20 [DEBUG] - System Directory: C:\Windows\system32
2023-04-14 12:38:20 [DEBUG] - Some environment variables:
2023-04-14 12:38:20 [DEBUG] - OS=Microsoft Windows NT 6.2.9200.0
2023-04-14 12:38:20 [DEBUG] - NUMBER_OF_PROCESSORS: 12
2023-04-14 12:38:20 [DEBUG] - PROCESSOR_ARCHITETURE: x64
2023-04-14 12:38:20 [MESSAGE] - Initializing login server...
2023-04-14 12:38:20 [DEBUG] - Starting threads...
2023-04-14 12:38:20 [MESSAGE] - Checking database...
2023-04-14 12:41:16 [DEBUG] - C:\CONQUER\Random Server\LoginServer\bin\Debug
2023-04-14 12:41:16 [DEBUG] - Computer Name: DESKTOP-SCJGTE3
2023-04-14 12:41:16 [DEBUG] - User Name: Brendon
2023-04-14 12:41:16 [DEBUG] - System Directory: C:\Windows\system32
2023-04-14 12:41:16 [DEBUG] - Some environment variables:
2023-04-14 12:41:16 [DEBUG] - OS=Microsoft Windows NT 6.2.9200.0
2023-04-14 12:41:16 [DEBUG] - NUMBER_OF_PROCESSORS: 12
2023-04-14 12:41:16 [DEBUG] - PROCESSOR_ARCHITETURE: x64
2023-04-14 12:41:16 [MESSAGE] - Initializing login server...
2023-04-14 12:41:16 [DEBUG] - Starting threads...
2023-04-14 12:41:16 [MESSAGE] - Checking database...
2023-04-14 12:53:34 [DEBUG] - C:\CONQUER\Random Server\LoginServer\bin\Debug
2023-04-14 12:53:34 [DEBUG] - Computer Name: DESKTOP-SCJGTE3
2023-04-14 12:53:34 [DEBUG] - User Name: Brendon
2023-04-14 12:53:34 [DEBUG] - System Directory: C:\Windows\system32
2023-04-14 12:53:34 [DEBUG] - Some environment variables:
2023-04-14 12:53:34 [DEBUG] - OS=Microsoft Windows NT 6.2.9200.0
2023-04-14 12:53:34 [DEBUG] - NUMBER_OF_PROCESSORS: 12
2023-04-14 12:53:34 [DEBUG] - PROCESSOR_ARCHITETURE: x64
2023-04-14 12:53:34 [MESSAGE] - Initializing login server...
2023-04-14 12:53:34 [DEBUG] - Starting threads...
2023-04-14 12:53:34 [MESSAGE] - Checking database...
